<?xml version="1.0" encoding="UTF-8"?>
<testsuite xmlns:xsi="http://www.w3.org/2001/XMLSchema-instance" xsi:noNamespaceSchemaLocation="https://maven.apache.org/surefire/maven-surefire-plugin/xsd/surefire-test-report.xsd" name="CucumberRunnerTest" time="152.177" tests="48" errors="0" skipped="0" failures="0">
  <properties>
    <property name="sun.desktop" value="windows"/>
    <property name="awt.toolkit" value="sun.awt.windows.WToolkit"/>
    <property name="file.encoding.pkg" value="sun.io"/>
    <property name="java.specification.version" value="1.8"/>
    <property name="sun.cpu.isalist" value="amd64"/>
    <property name="sun.jnu.encoding" value="Cp1252"/>
    <property name="java.class.path" value="C:\Users\nelli\Documents\Cucumber\target\test-classes;C:\Users\nelli\Documents\Cucumber\target\classes;C:\Users\nelli\.m2\repository\io\cucumber\cucumber-java\4.2.0\cucumber-java-4.2.0.jar;C:\Users\nelli\.m2\repository\io\cucumber\cucumber-core\4.2.0\cucumber-core-4.2.0.jar;C:\Users\nelli\.m2\repository\io\cucumber\cucumber-html\0.2.7\cucumber-html-0.2.7.jar;C:\Users\nelli\.m2\repository\io\cucumber\gherkin\5.1.0\gherkin-5.1.0.jar;C:\Users\nelli\.m2\repository\io\cucumber\tag-expressions\1.1.1\tag-expressions-1.1.1.jar;C:\Users\nelli\.m2\repository\io\cucumber\cucumber-expressions\6.2.0\cucumber-expressions-6.2.0.jar;C:\Users\nelli\.m2\repository\io\cucumber\datatable\1.1.7\datatable-1.1.7.jar;C:\Users\nelli\.m2\repository\io\cucumber\datatable-dependencies\1.1.7\datatable-dependencies-1.1.7.jar;C:\Users\nelli\.m2\repository\io\cucumber\cucumber-junit\4.2.0\cucumber-junit-4.2.0.jar;C:\Users\nelli\.m2\repository\junit\junit\4.12\junit-4.12.jar;C:\Users\nelli\.m2\repository\org\hamcrest\hamcrest-core\1.3\hamcrest-core-1.3.jar;C:\Users\nelli\.m2\repository\org\seleniumhq\selenium\selenium-java\3.141.59\selenium-java-3.141.59.jar;C:\Users\nelli\.m2\repository\org\seleniumhq\selenium\selenium-api\3.141.59\selenium-api-3.141.59.jar;C:\Users\nelli\.m2\repository\org\seleniumhq\selenium\selenium-edge-driver\3.141.59\selenium-edge-driver-3.141.59.jar;C:\Users\nelli\.m2\repository\org\seleniumhq\selenium\selenium-ie-driver\3.141.59\selenium-ie-driver-3.141.59.jar;C:\Users\nelli\.m2\repository\org\seleniumhq\selenium\selenium-opera-driver\3.141.59\selenium-opera-driver-3.141.59.jar;C:\Users\nelli\.m2\repository\org\seleniumhq\selenium\selenium-remote-driver\3.141.59\selenium-remote-driver-3.141.59.jar;C:\Users\nelli\.m2\repository\org\seleniumhq\selenium\selenium-safari-driver\3.141.59\selenium-safari-driver-3.141.59.jar;C:\Users\nelli\.m2\repository\org\seleniumhq\selenium\selenium-support\3.141.59\selenium-support-3.141.59.jar;C:\Users\nelli\.m2\repository\net\bytebuddy\byte-buddy\1.8.15\byte-buddy-1.8.15.jar;C:\Users\nelli\.m2\repository\org\apache\commons\commons-exec\1.3\commons-exec-1.3.jar;C:\Users\nelli\.m2\repository\com\google\guava\guava\25.0-jre\guava-25.0-jre.jar;C:\Users\nelli\.m2\repository\com\google\code\findbugs\jsr305\1.3.9\jsr305-1.3.9.jar;C:\Users\nelli\.m2\repository\org\checkerframework\checker-compat-qual\2.0.0\checker-compat-qual-2.0.0.jar;C:\Users\nelli\.m2\repository\com\google\errorprone\error_prone_annotations\2.1.3\error_prone_annotations-2.1.3.jar;C:\Users\nelli\.m2\repository\com\google\j2objc\j2objc-annotations\1.1\j2objc-annotations-1.1.jar;C:\Users\nelli\.m2\repository\org\codehaus\mojo\animal-sniffer-annotations\1.14\animal-sniffer-annotations-1.14.jar;C:\Users\nelli\.m2\repository\com\squareup\okhttp3\okhttp\3.11.0\okhttp-3.11.0.jar;C:\Users\nelli\.m2\repository\com\squareup\okio\okio\1.14.0\okio-1.14.0.jar;C:\Users\nelli\.m2\repository\org\seleniumhq\selenium\selenium-firefox-driver\3.141.59\selenium-firefox-driver-3.141.59.jar;C:\Users\nelli\.m2\repository\org\seleniumhq\selenium\selenium-chrome-driver\3.141.59\selenium-chrome-driver-3.141.59.jar;C:\Users\nelli\.m2\repository\io\rest-assured\rest-assured\3.0.7\rest-assured-3.0.7.jar;C:\Users\nelli\.m2\repository\org\codehaus\groovy\groovy\2.4.12\groovy-2.4.12.jar;C:\Users\nelli\.m2\repository\org\codehaus\groovy\groovy-xml\2.4.12\groovy-xml-2.4.12.jar;C:\Users\nelli\.m2\repository\org\apache\httpcomponents\httpclient\4.5.3\httpclient-4.5.3.jar;C:\Users\nelli\.m2\repository\org\apache\httpcomponents\httpcore\4.4.6\httpcore-4.4.6.jar;C:\Users\nelli\.m2\repository\commons-logging\commons-logging\1.2\commons-logging-1.2.jar;C:\Users\nelli\.m2\repository\commons-codec\commons-codec\1.9\commons-codec-1.9.jar;C:\Users\nelli\.m2\repository\org\apache\httpcomponents\httpmime\4.5.1\httpmime-4.5.1.jar;C:\Users\nelli\.m2\repository\org\hamcrest\hamcrest-library\1.3\hamcrest-library-1.3.jar;C:\Users\nelli\.m2\repository\org\ccil\cowan\tagsoup\tagsoup\1.2.1\tagsoup-1.2.1.jar;C:\Users\nelli\.m2\repository\io\rest-assured\json-path\3.0.7\json-path-3.0.7.jar;C:\Users\nelli\.m2\repository\org\codehaus\groovy\groovy-json\2.4.12\groovy-json-2.4.12.jar;C:\Users\nelli\.m2\repository\io\rest-assured\rest-assured-common\3.0.7\rest-assured-common-3.0.7.jar;C:\Users\nelli\.m2\repository\io\rest-assured\xml-path\3.0.7\xml-path-3.0.7.jar;C:\Users\nelli\.m2\repository\org\apache\commons\commons-lang3\3.4\commons-lang3-3.4.jar;C:\Users\nelli\.m2\repository\javax\xml\bind\jaxb-api\2.2.12\jaxb-api-2.2.12.jar;C:\Users\nelli\.m2\repository\com\google\code\gson\gson\2.8.4\gson-2.8.4.jar;C:\Users\nelli\.m2\repository\com\jayway\jsonpath\json-path\2.4.0\json-path-2.4.0.jar;C:\Users\nelli\.m2\repository\net\minidev\json-smart\2.3\json-smart-2.3.jar;C:\Users\nelli\.m2\repository\net\minidev\accessors-smart\1.2\accessors-smart-1.2.jar;C:\Users\nelli\.m2\repository\org\ow2\asm\asm\5.0.4\asm-5.0.4.jar;C:\Users\nelli\.m2\repository\org\slf4j\slf4j-api\1.7.25\slf4j-api-1.7.25.jar;"/>
    <property name="java.vm.vendor" value="Oracle Corporation"/>
    <property name="sun.arch.data.model" value="64"/>
    <property name="user.variant" value=""/>
    <property name="java.vendor.url" value="http://java.oracle.com/"/>
    <property name="user.timezone" value="Europe/Helsinki"/>
    <property name="user.country.format" value="EE"/>
    <property name="java.vm.specification.version" value="1.8"/>
    <property name="os.name" value="Windows 10"/>
    <property name="user.country" value="US"/>
    <property name="sun.java.launcher" value="SUN_STANDARD"/>
    <property name="sun.boot.library.path" value="C:\Program Files\Java\jdk1.8.0_172\jre\bin"/>
    <property name="sun.java.command" value="C:\Users\nelli\AppData\Local\Temp\surefire7541946981199481371\surefirebooter4130312505486011078.jar C:\Users\nelli\AppData\Local\Temp\surefire7541946981199481371 2019-03-17T15-38-48_708-jvmRun1 surefire8888968740515856743tmp surefire_07786536917026238509tmp"/>
    <property name="surefire.test.class.path" value="C:\Users\nelli\Documents\Cucumber\target\test-classes;C:\Users\nelli\Documents\Cucumber\target\classes;C:\Users\nelli\.m2\repository\io\cucumber\cucumber-java\4.2.0\cucumber-java-4.2.0.jar;C:\Users\nelli\.m2\repository\io\cucumber\cucumber-core\4.2.0\cucumber-core-4.2.0.jar;C:\Users\nelli\.m2\repository\io\cucumber\cucumber-html\0.2.7\cucumber-html-0.2.7.jar;C:\Users\nelli\.m2\repository\io\cucumber\gherkin\5.1.0\gherkin-5.1.0.jar;C:\Users\nelli\.m2\repository\io\cucumber\tag-expressions\1.1.1\tag-expressions-1.1.1.jar;C:\Users\nelli\.m2\repository\io\cucumber\cucumber-expressions\6.2.0\cucumber-expressions-6.2.0.jar;C:\Users\nelli\.m2\repository\io\cucumber\datatable\1.1.7\datatable-1.1.7.jar;C:\Users\nelli\.m2\repository\io\cucumber\datatable-dependencies\1.1.7\datatable-dependencies-1.1.7.jar;C:\Users\nelli\.m2\repository\io\cucumber\cucumber-junit\4.2.0\cucumber-junit-4.2.0.jar;C:\Users\nelli\.m2\repository\junit\junit\4.12\junit-4.12.jar;C:\Users\nelli\.m2\repository\org\hamcrest\hamcrest-core\1.3\hamcrest-core-1.3.jar;C:\Users\nelli\.m2\repository\org\seleniumhq\selenium\selenium-java\3.141.59\selenium-java-3.141.59.jar;C:\Users\nelli\.m2\repository\org\seleniumhq\selenium\selenium-api\3.141.59\selenium-api-3.141.59.jar;C:\Users\nelli\.m2\repository\org\seleniumhq\selenium\selenium-edge-driver\3.141.59\selenium-edge-driver-3.141.59.jar;C:\Users\nelli\.m2\repository\org\seleniumhq\selenium\selenium-ie-driver\3.141.59\selenium-ie-driver-3.141.59.jar;C:\Users\nelli\.m2\repository\org\seleniumhq\selenium\selenium-opera-driver\3.141.59\selenium-opera-driver-3.141.59.jar;C:\Users\nelli\.m2\repository\org\seleniumhq\selenium\selenium-remote-driver\3.141.59\selenium-remote-driver-3.141.59.jar;C:\Users\nelli\.m2\repository\org\seleniumhq\selenium\selenium-safari-driver\3.141.59\selenium-safari-driver-3.141.59.jar;C:\Users\nelli\.m2\repository\org\seleniumhq\selenium\selenium-support\3.141.59\selenium-support-3.141.59.jar;C:\Users\nelli\.m2\repository\net\bytebuddy\byte-buddy\1.8.15\byte-buddy-1.8.15.jar;C:\Users\nelli\.m2\repository\org\apache\commons\commons-exec\1.3\commons-exec-1.3.jar;C:\Users\nelli\.m2\repository\com\google\guava\guava\25.0-jre\guava-25.0-jre.jar;C:\Users\nelli\.m2\repository\com\google\code\findbugs\jsr305\1.3.9\jsr305-1.3.9.jar;C:\Users\nelli\.m2\repository\org\checkerframework\checker-compat-qual\2.0.0\checker-compat-qual-2.0.0.jar;C:\Users\nelli\.m2\repository\com\google\errorprone\error_prone_annotations\2.1.3\error_prone_annotations-2.1.3.jar;C:\Users\nelli\.m2\repository\com\google\j2objc\j2objc-annotations\1.1\j2objc-annotations-1.1.jar;C:\Users\nelli\.m2\repository\org\codehaus\mojo\animal-sniffer-annotations\1.14\animal-sniffer-annotations-1.14.jar;C:\Users\nelli\.m2\repository\com\squareup\okhttp3\okhttp\3.11.0\okhttp-3.11.0.jar;C:\Users\nelli\.m2\repository\com\squareup\okio\okio\1.14.0\okio-1.14.0.jar;C:\Users\nelli\.m2\repository\org\seleniumhq\selenium\selenium-firefox-driver\3.141.59\selenium-firefox-driver-3.141.59.jar;C:\Users\nelli\.m2\repository\org\seleniumhq\selenium\selenium-chrome-driver\3.141.59\selenium-chrome-driver-3.141.59.jar;C:\Users\nelli\.m2\repository\io\rest-assured\rest-assured\3.0.7\rest-assured-3.0.7.jar;C:\Users\nelli\.m2\repository\org\codehaus\groovy\groovy\2.4.12\groovy-2.4.12.jar;C:\Users\nelli\.m2\repository\org\codehaus\groovy\groovy-xml\2.4.12\groovy-xml-2.4.12.jar;C:\Users\nelli\.m2\repository\org\apache\httpcomponents\httpclient\4.5.3\httpclient-4.5.3.jar;C:\Users\nelli\.m2\repository\org\apache\httpcomponents\httpcore\4.4.6\httpcore-4.4.6.jar;C:\Users\nelli\.m2\repository\commons-logging\commons-logging\1.2\commons-logging-1.2.jar;C:\Users\nelli\.m2\repository\commons-codec\commons-codec\1.9\commons-codec-1.9.jar;C:\Users\nelli\.m2\repository\org\apache\httpcomponents\httpmime\4.5.1\httpmime-4.5.1.jar;C:\Users\nelli\.m2\repository\org\hamcrest\hamcrest-library\1.3\hamcrest-library-1.3.jar;C:\Users\nelli\.m2\repository\org\ccil\cowan\tagsoup\tagsoup\1.2.1\tagsoup-1.2.1.jar;C:\Users\nelli\.m2\repository\io\rest-assured\json-path\3.0.7\json-path-3.0.7.jar;C:\Users\nelli\.m2\repository\org\codehaus\groovy\groovy-json\2.4.12\groovy-json-2.4.12.jar;C:\Users\nelli\.m2\repository\io\rest-assured\rest-assured-common\3.0.7\rest-assured-common-3.0.7.jar;C:\Users\nelli\.m2\repository\io\rest-assured\xml-path\3.0.7\xml-path-3.0.7.jar;C:\Users\nelli\.m2\repository\org\apache\commons\commons-lang3\3.4\commons-lang3-3.4.jar;C:\Users\nelli\.m2\repository\javax\xml\bind\jaxb-api\2.2.12\jaxb-api-2.2.12.jar;C:\Users\nelli\.m2\repository\com\google\code\gson\gson\2.8.4\gson-2.8.4.jar;C:\Users\nelli\.m2\repository\com\jayway\jsonpath\json-path\2.4.0\json-path-2.4.0.jar;C:\Users\nelli\.m2\repository\net\minidev\json-smart\2.3\json-smart-2.3.jar;C:\Users\nelli\.m2\repository\net\minidev\accessors-smart\1.2\accessors-smart-1.2.jar;C:\Users\nelli\.m2\repository\org\ow2\asm\asm\5.0.4\asm-5.0.4.jar;C:\Users\nelli\.m2\repository\org\slf4j\slf4j-api\1.7.25\slf4j-api-1.7.25.jar;"/>
    <property name="sun.cpu.endian" value="little"/>
    <property name="user.home" value="C:\Users\nelli"/>
    <property name="user.language" value="en"/>
    <property name="java.specification.vendor" value="Oracle Corporation"/>
    <property name="java.home" value="C:\Program Files\Java\jdk1.8.0_172\jre"/>
    <property name="basedir" value="C:\Users\nelli\Documents\Cucumber"/>
    <property name="file.separator" value="\"/>
    <property name="line.separator" value="&#10;"/>
    <property name="java.vm.specification.vendor" value="Oracle Corporation"/>
    <property name="java.specification.name" value="Java Platform API Specification"/>
    <property name="java.awt.graphicsenv" value="sun.awt.Win32GraphicsEnvironment"/>
    <property name="surefire.real.class.path" value="C:\Users\nelli\AppData\Local\Temp\surefire7541946981199481371\surefirebooter4130312505486011078.jar"/>
    <property name="sun.boot.class.path" value="C:\Program Files\Java\jdk1.8.0_172\jre\lib\resources.jar;C:\Program Files\Java\jdk1.8.0_172\jre\lib\rt.jar;C:\Program Files\Java\jdk1.8.0_172\jre\lib\sunrsasign.jar;C:\Program Files\Java\jdk1.8.0_172\jre\lib\jsse.jar;C:\Program Files\Java\jdk1.8.0_172\jre\lib\jce.jar;C:\Program Files\Java\jdk1.8.0_172\jre\lib\charsets.jar;C:\Program Files\Java\jdk1.8.0_172\jre\lib\jfr.jar;C:\Program Files\Java\jdk1.8.0_172\jre\classes"/>
    <property name="user.script" value=""/>
    <property name="sun.management.compiler" value="HotSpot 64-Bit Tiered Compilers"/>
    <property name="java.runtime.version" value="1.8.0_172-b11"/>
    <property name="user.name" value="nelli"/>
    <property name="path.separator" value=";"/>
    <property name="os.version" value="10.0"/>
    <property name="java.endorsed.dirs" value="C:\Program Files\Java\jdk1.8.0_172\jre\lib\endorsed"/>
    <property name="java.runtime.name" value="Java(TM) SE Runtime Environment"/>
    <property name="file.encoding" value="Cp1252"/>
    <property name="java.vm.name" value="Java HotSpot(TM) 64-Bit Server VM"/>
    <property name="localRepository" value="C:\Users\nelli\.m2\repository"/>
    <property name="java.vendor.url.bug" value="http://bugreport.sun.com/bugreport/"/>
    <property name="java.io.tmpdir" value="C:\Users\nelli\AppData\Local\Temp\"/>
    <property name="java.version" value="1.8.0_172"/>
    <property name="user.dir" value="C:\Users\nelli\Documents\Cucumber"/>
    <property name="os.arch" value="amd64"/>
    <property name="java.vm.specification.name" value="Java Virtual Machine Specification"/>
    <property name="java.awt.printerjob" value="sun.awt.windows.WPrinterJob"/>
    <property name="user.language.format" value="et"/>
    <property name="sun.os.patch.level" value=""/>
    <property name="java.library.path" value="C:\Program Files\Java\jdk1.8.0_172\jre\bin;C:\Windows\Sun\Java\bin;C:\Windows\system32;C:\Windows;C:\oraclexe\app\oracle\product\11.2.0\server\bin;C:\Program Files\Docker\Docker\Resources\bin;C:\Program Files (x86)\Common Files\Oracle\Java\javapath;C:\app\client\nelli\product\12.1.0\client_1\bin;C:\Windows\system32;C:\Windows;C:\Windows\System32\Wbem;C:\Windows\System32\WindowsPowerShell\v1.0\;C:\Windows\System32\OpenSSH\;C:\Program Files (x86)\NVIDIA Corporation\PhysX\Common;C:\Program Files (x86)\Symantec\VIP Access Client\;C:\Program Files\Java\jdk1.8.0_172\bin;C:\apache-maven-3.3.9\bin;C:\Program Files\MySQL\MySQL Server 5.6\bin;C:\Program Files\PuTTY\;C:\Program Files\TortoiseGit\bin;C:\Program Files\OpenSSH\bin;C:\Program Files\Git\cmd;C:\oraclexe\app\oracle\product\11.2.0\server\bin;C:\Program Files\nodejs\;C:\Program Files\Intel\WiFi\bin\;C:\Program Files\Common Files\Intel\WirelessCommon\;C:\Program Files (x86)\Inno Setup 5;C:\Program Files (x86)\Intel\Intel(R) Management Engine Components\DAL;C:\Program Files\Intel\Intel(R) Management Engine Components\DAL;C:\xampp\php;C:\ProgramData\ComposerSetup\bin;C:\Users\nelli\AppData\Local\Microsoft\WindowsApps;C:\Users\nelli\.babun;C:\Users\nelli\AppData\Local\Programs\Microsoft VS Code\bin;C:\Users\nelli\AppData\Roaming\npm;C:\Program Files\Intel\WiFi\bin\;C:\Program Files\Common Files\Intel\WirelessCommon\;C:\Users\nelli\AppData\Local\GitHubDesktop\bin;C:\Program Files (x86)\Inno Setup 5;C:\Users\nelli\AppData\Roaming\Composer\vendor\bin;."/>
    <property name="java.vm.info" value="mixed mode"/>
    <property name="java.vendor" value="Oracle Corporation"/>
    <property name="java.vm.version" value="25.172-b11"/>
    <property name="java.ext.dirs" value="C:\Program Files\Java\jdk1.8.0_172\jre\lib\ext;C:\Windows\Sun\Java\lib\ext"/>
    <property name="sun.io.unicode.encoding" value="UnicodeLittle"/>
    <property name="java.class.version" value="52.0"/>
  </properties>
  <testcase name="I have opened the application main page url: &quot;http://automationpractice.com/index.php&quot;" classname="User should not be logged into the application with incorrect credentials" time="13.691"/>
  <testcase name="I have opened the login page" classname="User should not be logged into the application with incorrect credentials" time="3.501"/>
  <testcase name="I will enter &quot;user1&quot; as username and &quot;qwerty&quot; as password and try to login" classname="User should not be logged into the application with incorrect credentials" time="2.283"/>
  <testcase name="I will be promted error message" classname="User should not be logged into the application with incorrect credentials" time="0.056"/>
  <testcase name="I&apos;m not logged into the application" classname="User should not be logged into the application with incorrect credentials" time="0.117"/>
  <testcase name="User should not be logged into the application with incorrect credentials" classname="User should not be logged into the application with incorrect credentials" time="0.117"/>
  <testcase name="I have opened the application main page url: &quot;http://automationpractice.com/index.php&quot;" classname="User should be logged into the application with correct credentials" time="12.705"/>
  <testcase name="I have opened the login page" classname="User should be logged into the application with correct credentials" time="3.518"/>
  <testcase name="I will enter &quot;user1@login.ee&quot; as username and &quot;qwertyqwerty&quot; as password and try to login" classname="User should be logged into the application with correct credentials" time="3.055"/>
  <testcase name="I&apos;m logged into the application" classname="User should be logged into the application with correct credentials" time="0.046"/>
  <testcase name="I log off successfully" classname="User should be logged into the application with correct credentials" time="3.536"/>
  <testcase name="User should be logged into the application with correct credentials" classname="User should be logged into the application with correct credentials" time="3.536"/>
  <testcase name="I have opened the application main page url: &quot;http://automationpractice.com/index.php&quot;" classname="User should not be logged into the application with list of incorrect credentials" time="13.195"/>
  <testcase name="I have opened the application main page url: &quot;http://automationpractice.com/index.php&quot;" classname="User should not be logged into the application with list of incorrect credentials" time="11.632"/>
  <testcase name="I have opened the application main page url: &quot;http://automationpractice.com/index.php&quot;" classname="User should not be logged into the application with list of incorrect credentials" time="11.754"/>
  <testcase name="I have opened the application main page url: &quot;http://automationpractice.com/index.php&quot;" classname="User should not be logged into the application with list of incorrect credentials" time="12.254"/>
  <testcase name="I have opened the application main page url: &quot;http://automationpractice.com/index.php&quot;" classname="User should not be logged into the application with list of incorrect credentials" time="13.328"/>
  <testcase name="I have opened the application main page url: &quot;http://automationpractice.com/index.php&quot;" classname="User should not be logged into the application with list of incorrect credentials" time="13.325"/>
  <testcase name="I have opened the login page" classname="User should not be logged into the application with list of incorrect credentials" time="3.792"/>
  <testcase name="I have opened the login page" classname="User should not be logged into the application with list of incorrect credentials" time="3.748"/>
  <testcase name="I have opened the login page" classname="User should not be logged into the application with list of incorrect credentials" time="3.374"/>
  <testcase name="I have opened the login page" classname="User should not be logged into the application with list of incorrect credentials" time="3.398"/>
  <testcase name="I have opened the login page" classname="User should not be logged into the application with list of incorrect credentials" time="3.427"/>
  <testcase name="I have opened the login page" classname="User should not be logged into the application with list of incorrect credentials" time="3.419"/>
  <testcase name="I will enter the Email  and Password " classname="User should not be logged into the application with list of incorrect credentials" time="1.953"/>
  <testcase name="I will be promted error message" classname="User should not be logged into the application with list of incorrect credentials" time="0.04"/>
  <testcase name="I will be promted error message" classname="User should not be logged into the application with list of incorrect credentials" time="0.042"/>
  <testcase name="I will be promted error message" classname="User should not be logged into the application with list of incorrect credentials" time="0.041"/>
  <testcase name="I will be promted error message" classname="User should not be logged into the application with list of incorrect credentials" time="0.04"/>
  <testcase name="I will be promted error message" classname="User should not be logged into the application with list of incorrect credentials" time="0.039"/>
  <testcase name="I will be promted error message" classname="User should not be logged into the application with list of incorrect credentials" time="0.044"/>
  <testcase name="I&apos;m not logged into the application" classname="User should not be logged into the application with list of incorrect credentials" time="0.115"/>
  <testcase name="I&apos;m not logged into the application" classname="User should not be logged into the application with list of incorrect credentials" time="0.112"/>
  <testcase name="I&apos;m not logged into the application" classname="User should not be logged into the application with list of incorrect credentials" time="0.106"/>
  <testcase name="I&apos;m not logged into the application" classname="User should not be logged into the application with list of incorrect credentials" time="0.112"/>
  <testcase name="I&apos;m not logged into the application" classname="User should not be logged into the application with list of incorrect credentials" time="0.118"/>
  <testcase name="I&apos;m not logged into the application" classname="User should not be logged into the application with list of incorrect credentials" time="0.101"/>
  <testcase name="User should not be logged into the application with list of incorrect credentials" classname="User should not be logged into the application with list of incorrect credentials" time="0.115"/>
  <testcase name="User should not be logged into the application with list of incorrect credentials" classname="User should not be logged into the application with list of incorrect credentials" time="0.112"/>
  <testcase name="User should not be logged into the application with list of incorrect credentials" classname="User should not be logged into the application with list of incorrect credentials" time="0.106"/>
  <testcase name="User should not be logged into the application with list of incorrect credentials" classname="User should not be logged into the application with list of incorrect credentials" time="0.112"/>
  <testcase name="User should not be logged into the application with list of incorrect credentials" classname="User should not be logged into the application with list of incorrect credentials" time="0.118"/>
  <testcase name="User should not be logged into the application with list of incorrect credentials" classname="User should not be logged into the application with list of incorrect credentials" time="0.101"/>
  <testcase name="I will enter the Email user1 and Password " classname="User should not be logged into the application with list of incorrect credentials" time="1.93"/>
  <testcase name="I will enter the Email  and Password qwerty" classname="User should not be logged into the application with list of incorrect credentials" time="1.942"/>
  <testcase name="I will enter the Email user2 and Password qwerty" classname="User should not be logged into the application with list of incorrect credentials" time="1.944"/>
  <testcase name="I will enter the Email user3 and Password *" classname="User should not be logged into the application with list of incorrect credentials" time="1.808"/>
  <testcase name="I will enter the Email user4@login.ee and Password qwerty" classname="User should not be logged into the application with list of incorrect credentials" time="2.074"/>
</testsuite>